13:58:59.808 [main] INFO  testCases.Tc001_ofos_ie1 - Starting the workflow ie1
14:08:03.580 [main] INFO  testCases.Tc001_ofos_ie1 - Starting the workflow ie1
14:11:22.866 [main] INFO  testCases.Tc001_ofos_ie1 - Starting the workflow ie1
14:36:54.401 [main] INFO  testCases.Tc001_ofos_ie1 - Starting the workflow ie1
14:41:03.127 [main] INFO  testCases.Tc001_ofos_ie1 - Starting the workflow ie1
14:51:57.795 [main] INFO  testCases.Tc001_ofos_ie1 - Starting the workflow ie1
14:55:53.566 [main] INFO  testCases.Tc001_ofos_ie1 - Starting the workflow ie1
15:06:10.420 [main] INFO  testCases.Tc001_ofos_ie1 - Starting the workflow ie1
15:27:51.478 [main] INFO  testCases.Tc001_ofos_ie1 - Starting the workflow ie1
15:36:27.163 [main] INFO  testCases.Tc001_ofos_ie1 - Starting the workflow ie1
16:01:20.174 [main] INFO  testCases.Tc001_ofos_ie1 - Starting the workflow ie1
12:55:21.898 [main] INFO  testCases.Tc_003_LoginDemo - **** Test Case Execution started*****
13:51:42.147 [main] INFO  testCases.Tc_003_LoginDemo - **** Test Case Execution started*****
13:51:42.228 [main] INFO  testCases.Tc_003_LoginDemo - ***Providing username****
13:51:42.293 [main] INFO  testCases.Tc_003_LoginDemo - ***Providing Password****
13:51:42.334 [main] INFO  testCases.Tc_003_LoginDemo - Clicked on sign in button
13:55:30.408 [main] INFO  testCases.Tc_003_LoginDemo - **** Test Case Execution started*****
13:55:30.487 [main] INFO  testCases.Tc_003_LoginDemo - ***Providing username****
13:55:30.557 [main] INFO  testCases.Tc_003_LoginDemo - ***Providing Password****
13:55:30.594 [main] INFO  testCases.Tc_003_LoginDemo - Clicked on sign in button
12:16:41.419 [main] INFO  testCases.Tc_003_LoginDemo - **** Test Case Execution started*****
12:16:41.510 [main] INFO  testCases.Tc_003_LoginDemo - ***Providing username****
12:16:41.570 [main] INFO  testCases.Tc_003_LoginDemo - ***Providing Password****
12:16:41.609 [main] INFO  testCases.Tc_003_LoginDemo - Clicked on sign in button
12:23:10.058 [main] INFO  testCases.Tc_003_LoginDemo - **** Test Case Execution started*****
12:23:10.168 [main] INFO  testCases.Tc_003_LoginDemo - ***Providing username****
12:23:10.232 [main] INFO  testCases.Tc_003_LoginDemo - ***Providing Password****
12:23:10.272 [main] INFO  testCases.Tc_003_LoginDemo - Clicked on sign in button
12:23:59.154 [main] INFO  testCases.Tc_004_LoginDemo2 - **** Test Case Execution started*****
12:23:59.226 [main] INFO  testCases.Tc_004_LoginDemo2 - ***Providing username -- operations****
12:23:59.291 [main] INFO  testCases.Tc_004_LoginDemo2 - ***Providing Password****
12:23:59.339 [main] INFO  testCases.Tc_004_LoginDemo2 - Clicked on sign in button
12:27:00.913 [TestNG-tests-1] INFO  testCases.Tc_003_LoginDemo - **** Test Case Execution started*****
12:27:01.003 [TestNG-tests-1] INFO  testCases.Tc_003_LoginDemo - ***Providing username****
12:27:01.056 [TestNG-tests-1] INFO  testCases.Tc_003_LoginDemo - ***Providing Password****
12:27:01.095 [TestNG-tests-1] INFO  testCases.Tc_003_LoginDemo - Clicked on sign in button
12:27:50.580 [TestNG-tests-1] INFO  testCases.Tc_004_LoginDemo2 - **** Test Case Execution started*****
12:27:50.647 [TestNG-tests-1] INFO  testCases.Tc_004_LoginDemo2 - ***Providing username -- operations****
12:27:50.709 [TestNG-tests-1] INFO  testCases.Tc_004_LoginDemo2 - ***Providing Password****
12:27:50.753 [TestNG-tests-1] INFO  testCases.Tc_004_LoginDemo2 - Clicked on sign in button
12:36:22.972 [main] INFO  testCases.Tc_004_LoginDemo2 - **** Test Case Execution started*****
12:36:23.058 [main] INFO  testCases.Tc_004_LoginDemo2 - ***Providing username -- operations****
12:36:23.120 [main] INFO  testCases.Tc_004_LoginDemo2 - ***Providing Password****
12:36:23.160 [main] INFO  testCases.Tc_004_LoginDemo2 - Clicked on sign in button
12:37:14.614 [main] INFO  testCases.Tc_003_LoginDemo - **** Test Case Execution started*****
12:37:14.681 [main] INFO  testCases.Tc_003_LoginDemo - ***Providing username****
12:37:14.749 [main] INFO  testCases.Tc_003_LoginDemo - ***Providing Password****
12:37:14.790 [main] INFO  testCases.Tc_003_LoginDemo - Clicked on sign in button
12:39:08.105 [main] INFO  testCases.Tc_004_LoginDemo2 - **** Test Case Execution started*****
12:39:08.146 [main] INFO  testCases.Tc_004_LoginDemo2 - ***Providing username -- operations****
12:39:08.159 [main] INFO  testCases.Tc_004_LoginDemo2 - ***Providing Password****
12:39:08.396 [main] INFO  testCases.Tc_004_LoginDemo2 - Clicked on sign in button
12:40:59.135 [main] INFO  testCases.Tc_003_LoginDemo - **** Test Case Execution started*****
12:40:59.177 [main] INFO  testCases.Tc_003_LoginDemo - ***Providing username****
12:40:59.191 [main] INFO  testCases.Tc_003_LoginDemo - ***Providing Password****
12:40:59.426 [main] INFO  testCases.Tc_003_LoginDemo - Clicked on sign in button
14:57:51.051 [main] INFO  testCases.Tc_003_LoginDemo - **** Test Case Execution started*****
14:57:51.122 [main] INFO  testCases.Tc_003_LoginDemo - ***Providing username****
14:57:51.176 [main] INFO  testCases.Tc_003_LoginDemo - ***Providing Password****
14:57:51.218 [main] INFO  testCases.Tc_003_LoginDemo - Clicked on sign in button
15:01:40.363 [main] INFO  testCases.Tc_003_LoginDemo - **** Test Case Execution started*****
15:01:40.444 [main] INFO  testCases.Tc_003_LoginDemo - ***Providing username****
15:01:40.512 [main] INFO  testCases.Tc_003_LoginDemo - ***Providing Password****
15:01:40.561 [main] INFO  testCases.Tc_003_LoginDemo - Clicked on sign in button
12:02:05.877 [TestNG-tests-1] INFO  testCases.Tc_003_LoginDemo - **** Test Case Execution started*****
12:02:05.927 [TestNG-tests-1] INFO  testCases.Tc_003_LoginDemo - ***Providing username****
12:02:05.943 [TestNG-tests-1] INFO  testCases.Tc_003_LoginDemo - ***Providing Password****
12:02:06.163 [TestNG-tests-1] INFO  testCases.Tc_003_LoginDemo - Clicked on sign in button
12:04:02.154 [TestNG-tests-1] INFO  testCases.Tc_004_LoginDemo2 - **** Test Case Execution started*****
12:04:02.198 [TestNG-tests-1] INFO  testCases.Tc_004_LoginDemo2 - ***Providing username -- operations****
12:04:02.219 [TestNG-tests-1] INFO  testCases.Tc_004_LoginDemo2 - ***Providing Password****
12:04:02.452 [TestNG-tests-1] INFO  testCases.Tc_004_LoginDemo2 - Clicked on sign in button
12:30:37.949 [TestNG-tests-1] INFO  testCases.Tc_003_LoginDemo - **** Test Case Execution started*****
12:30:38.007 [TestNG-tests-1] INFO  testCases.Tc_003_LoginDemo - ***Providing username****
12:30:38.024 [TestNG-tests-1] INFO  testCases.Tc_003_LoginDemo - ***Providing Password****
12:30:38.266 [TestNG-tests-1] INFO  testCases.Tc_003_LoginDemo - Clicked on sign in button
12:32:34.746 [TestNG-tests-1] INFO  testCases.Tc_004_LoginDemo2 - **** Test Case Execution started*****
12:32:34.789 [TestNG-tests-1] INFO  testCases.Tc_004_LoginDemo2 - ***Providing username -- operations****
12:32:34.805 [TestNG-tests-1] INFO  testCases.Tc_004_LoginDemo2 - ***Providing Password****
12:32:35.041 [TestNG-tests-1] INFO  testCases.Tc_004_LoginDemo2 - Clicked on sign in button
12:33:43.422 [TestNG-tests-1] INFO  testCases.Tc_003_LoginDemo - **** Test Case Execution started*****
12:33:43.476 [TestNG-tests-1] INFO  testCases.Tc_003_LoginDemo - ***Providing username****
12:33:43.495 [TestNG-tests-1] INFO  testCases.Tc_003_LoginDemo - ***Providing Password****
12:33:43.741 [TestNG-tests-1] INFO  testCases.Tc_003_LoginDemo - Clicked on sign in button
12:35:41.650 [TestNG-tests-1] INFO  testCases.Tc_004_LoginDemo2 - **** Test Case Execution started*****
12:35:41.682 [TestNG-tests-1] INFO  testCases.Tc_004_LoginDemo2 - ***Providing username -- operations****
12:35:41.700 [TestNG-tests-1] INFO  testCases.Tc_004_LoginDemo2 - ***Providing Password****
12:35:41.922 [TestNG-tests-1] INFO  testCases.Tc_004_LoginDemo2 - Clicked on sign in button
13:40:36.653 [TestNG-tests-1] INFO  testCases.Tc_003_LoginDemo - **** Test Case Execution started*****
13:40:36.712 [TestNG-tests-1] INFO  testCases.Tc_003_LoginDemo - ***Providing username****
13:40:36.733 [TestNG-tests-1] INFO  testCases.Tc_003_LoginDemo - ***Providing Password****
13:40:36.963 [TestNG-tests-1] INFO  testCases.Tc_003_LoginDemo - Clicked on sign in button
13:42:29.227 [TestNG-tests-1] INFO  testCases.Tc_004_LoginDemo2 - **** Test Case Execution started*****
13:42:29.256 [TestNG-tests-1] INFO  testCases.Tc_004_LoginDemo2 - ***Providing username -- operations****
13:42:29.272 [TestNG-tests-1] INFO  testCases.Tc_004_LoginDemo2 - ***Providing Password****
13:42:29.502 [TestNG-tests-1] INFO  testCases.Tc_004_LoginDemo2 - Clicked on sign in button
12:46:01.087 [TestNG-tests-1] INFO  testCases.Tc_003_LoginDemo - **** Test Case Execution started*****
12:46:01.149 [TestNG-tests-1] INFO  testCases.Tc_003_LoginDemo - ***Providing username****
12:46:01.163 [TestNG-tests-1] INFO  testCases.Tc_003_LoginDemo - ***Providing Password****
12:46:01.391 [TestNG-tests-1] INFO  testCases.Tc_003_LoginDemo - Clicked on sign in button
12:47:53.825 [TestNG-tests-1] INFO  testCases.Tc_004_LoginDemo2 - **** Test Case Execution started*****
12:47:53.879 [TestNG-tests-1] INFO  testCases.Tc_004_LoginDemo2 - ***Providing username -- operations****
12:47:53.899 [TestNG-tests-1] INFO  testCases.Tc_004_LoginDemo2 - ***Providing Password****
12:47:54.125 [TestNG-tests-1] INFO  testCases.Tc_004_LoginDemo2 - Clicked on sign in button
12:41:26.025 [TestNG-tests-1] INFO  testCases.Tc_003_LoginDemo - **** Test Case Execution started*****
12:41:26.086 [TestNG-tests-1] INFO  testCases.Tc_003_LoginDemo - ***Providing username****
12:41:26.101 [TestNG-tests-1] INFO  testCases.Tc_003_LoginDemo - ***Providing Password****
12:41:26.349 [TestNG-tests-1] INFO  testCases.Tc_003_LoginDemo - Clicked on sign in button
12:43:26.471 [TestNG-tests-1] INFO  testCases.Tc_004_LoginDemo2 - **** Test Case Execution started*****
12:43:26.501 [TestNG-tests-1] INFO  testCases.Tc_004_LoginDemo2 - ***Providing username -- operations****
12:43:26.516 [TestNG-tests-1] INFO  testCases.Tc_004_LoginDemo2 - ***Providing Password****
12:43:26.743 [TestNG-tests-1] INFO  testCases.Tc_004_LoginDemo2 - Clicked on sign in button
14:57:32.704 [main] INFO  testCases.Tc_003_LoginDemo - **** Test Case Execution started*****
14:57:32.757 [main] INFO  testCases.Tc_003_LoginDemo - ***Providing username****
14:57:32.776 [main] INFO  testCases.Tc_003_LoginDemo - ***Providing Password****
14:57:33.000 [main] INFO  testCases.Tc_003_LoginDemo - Clicked on sign in button
14:59:07.769 [main] INFO  testCases.Tc_003_LoginDemo - **** Test Case Execution started*****
14:59:07.822 [main] INFO  testCases.Tc_003_LoginDemo - ***Providing username****
14:59:07.841 [main] INFO  testCases.Tc_003_LoginDemo - ***Providing Password****
14:59:08.080 [main] INFO  testCases.Tc_003_LoginDemo - Clicked on sign in button
15:37:47.307 [main] INFO  testCases.Tc_003_LoginDemo - **** Test Case Execution started*****
15:37:47.354 [main] INFO  testCases.Tc_003_LoginDemo - ***Providing username****
15:37:47.367 [main] INFO  testCases.Tc_003_LoginDemo - ***Providing Password****
15:37:47.585 [main] INFO  testCases.Tc_003_LoginDemo - Clicked on sign in button
15:46:52.951 [main] INFO  testCases.Tc_003_LoginDemo - **** Test Case Execution started*****
15:46:52.999 [main] INFO  testCases.Tc_003_LoginDemo - ***Providing username****
15:46:53.015 [main] INFO  testCases.Tc_003_LoginDemo - ***Providing Password****
15:46:53.246 [main] INFO  testCases.Tc_003_LoginDemo - Clicked on sign in button
15:56:52.399 [main] INFO  testCases.Tc_003_LoginDemo - **** Test Case Execution started*****
15:56:52.453 [main] INFO  testCases.Tc_003_LoginDemo - ***Providing username****
15:56:52.471 [main] INFO  testCases.Tc_003_LoginDemo - ***Providing Password****
15:56:52.724 [main] INFO  testCases.Tc_003_LoginDemo - Clicked on sign in button
11:16:56.930 [main] INFO  testCases.Tc_003_LoginDemo - **** Test Case Execution started*****
11:16:57.025 [main] INFO  testCases.Tc_003_LoginDemo - ***Providing username****
11:16:57.039 [main] INFO  testCases.Tc_003_LoginDemo - ***Providing Password****
11:16:57.257 [main] INFO  testCases.Tc_003_LoginDemo - Clicked on sign in button
15:12:36.417 [main] INFO  testCases.Tc_003_LoginDemo - **** Test Case Execution started*****
15:12:36.467 [main] INFO  testCases.Tc_003_LoginDemo - ***Providing username****
15:12:36.482 [main] INFO  testCases.Tc_003_LoginDemo - ***Providing Password****
15:12:36.711 [main] INFO  testCases.Tc_003_LoginDemo - Clicked on sign in button
15:15:03.847 [main] INFO  testCases.Tc_003_LoginDemo - **** Test Case Execution started*****
15:15:03.902 [main] INFO  testCases.Tc_003_LoginDemo - ***Providing username****
15:15:03.919 [main] INFO  testCases.Tc_003_LoginDemo - ***Providing Password****
15:15:04.141 [main] INFO  testCases.Tc_003_LoginDemo - Clicked on sign in button
15:18:50.739 [main] INFO  testCases.Tc_003_LoginDemo - **** Test Case Execution started*****
15:18:50.793 [main] INFO  testCases.Tc_003_LoginDemo - ***Providing username****
15:18:50.810 [main] INFO  testCases.Tc_003_LoginDemo - ***Providing Password****
15:18:51.047 [main] INFO  testCases.Tc_003_LoginDemo - Clicked on sign in button
15:25:59.316 [main] INFO  testCases.Tc_003_LoginDemo - **** Test Case Execution started*****
15:25:59.366 [main] INFO  testCases.Tc_003_LoginDemo - ***Providing username****
15:25:59.387 [main] INFO  testCases.Tc_003_LoginDemo - ***Providing Password****
15:25:59.620 [main] INFO  testCases.Tc_003_LoginDemo - Clicked on sign in button
15:30:03.053 [main] INFO  testCases.Tc_003_LoginDemo - **** Test Case Execution started*****
15:30:03.112 [main] INFO  testCases.Tc_003_LoginDemo - ***Providing username****
15:30:03.129 [main] INFO  testCases.Tc_003_LoginDemo - ***Providing Password****
15:30:03.386 [main] INFO  testCases.Tc_003_LoginDemo - Clicked on sign in button
15:33:48.263 [main] INFO  testCases.Tc_003_LoginDemo - **** Test Case Execution started*****
15:33:48.317 [main] INFO  testCases.Tc_003_LoginDemo - ***Providing username****
15:33:48.335 [main] INFO  testCases.Tc_003_LoginDemo - ***Providing Password****
15:33:48.559 [main] INFO  testCases.Tc_003_LoginDemo - Clicked on sign in button
15:44:26.067 [main] INFO  testCases.Tc_003_LoginDemo - **** Test Case Execution started*****
15:44:26.130 [main] INFO  testCases.Tc_003_LoginDemo - ***Providing username****
15:44:26.149 [main] INFO  testCases.Tc_003_LoginDemo - ***Providing Password****
15:44:26.380 [main] INFO  testCases.Tc_003_LoginDemo - Clicked on sign in button
15:56:13.300 [main] INFO  testCases.Tc_003_LoginDemo - **** Test Case Execution started*****
15:56:13.354 [main] INFO  testCases.Tc_003_LoginDemo - ***Providing username****
15:56:13.369 [main] INFO  testCases.Tc_003_LoginDemo - ***Providing Password****
15:56:13.599 [main] INFO  testCases.Tc_003_LoginDemo - Clicked on sign in button
16:02:37.716 [main] INFO  testCases.Tc_003_LoginDemo - **** Test Case Execution started*****
16:02:37.772 [main] INFO  testCases.Tc_003_LoginDemo - ***Providing username****
16:02:37.789 [main] INFO  testCases.Tc_003_LoginDemo - ***Providing Password****
16:02:38.016 [main] INFO  testCases.Tc_003_LoginDemo - Clicked on sign in button
14:06:25.201 [main] INFO  testCases.Tc_003_LoginDemo - **** Test Case Execution started*****
14:06:25.293 [main] INFO  testCases.Tc_003_LoginDemo - ***Providing username****
14:06:25.320 [main] INFO  testCases.Tc_003_LoginDemo - ***Providing Password****
14:06:25.558 [main] INFO  testCases.Tc_003_LoginDemo - Clicked on sign in button
14:16:37.625 [main] INFO  testCases.Tc_003_LoginDemo - **** Test Case Execution started*****
14:16:37.704 [main] INFO  testCases.Tc_003_LoginDemo - ***Providing username****
14:16:37.729 [main] INFO  testCases.Tc_003_LoginDemo - ***Providing Password****
14:16:37.976 [main] INFO  testCases.Tc_003_LoginDemo - Clicked on sign in button
14:29:44.276 [main] INFO  testCases.Tc_003_LoginDemo - **** Test Case Execution started*****
14:29:44.341 [main] INFO  testCases.Tc_003_LoginDemo - ***Providing username****
14:29:44.361 [main] INFO  testCases.Tc_003_LoginDemo - ***Providing Password****
14:29:44.610 [main] INFO  testCases.Tc_003_LoginDemo - Clicked on sign in button
16:11:00.455 [main] INFO  testCases.Tc_003_LoginDemo - **** Test Case Execution started*****
16:11:00.506 [main] INFO  testCases.Tc_003_LoginDemo - ***Providing username****
16:11:00.522 [main] INFO  testCases.Tc_003_LoginDemo - ***Providing Password****
16:11:00.744 [main] INFO  testCases.Tc_003_LoginDemo - Clicked on sign in button
15:36:37.977 [main] INFO  testCases.Tc_003_LoginDemo - **** Test Case Execution started*****
15:36:38.031 [main] INFO  testCases.Tc_003_LoginDemo - ***Providing username****
15:36:38.049 [main] INFO  testCases.Tc_003_LoginDemo - ***Providing Password****
15:36:38.271 [main] INFO  testCases.Tc_003_LoginDemo - Clicked on sign in button
12:03:02.550 [main] INFO  testCases.Tc_003_LoginDemo - **** Test Case Execution started*****
12:03:02.599 [main] INFO  testCases.Tc_003_LoginDemo - ***Providing username****
12:03:02.614 [main] INFO  testCases.Tc_003_LoginDemo - ***Providing Password****
12:03:02.835 [main] INFO  testCases.Tc_003_LoginDemo - Clicked on sign in button
